Namespace(array_length='5', array_number='0', img_dir='/n/denicfs/users/akane/microscopy/microfluidics/181009_AJKX113/processed_images/', threshold='85')
Segment images:
['Pos17_x558_y187_Segment.tif']
SEGMENTING Pos17_x558_y187_Segment.tif
reading Pos17_x558_y187_Segment.tif ...
raw image imported.
thresholding...
filling holes...
2d holes filled.
binary processing complete.
generating distance map...
distance map complete.
smoothing distance map...
distance map smoothed.
identifying maxima...
maxima identified.
watershedding...
raw watershedding complete.
cleaning up cells...
    number of iterations = 1
    number of iterations = 1
    number of iterations = 1
    number of iterations = 1
    number of iterations = 1
    number of iterations = 1
    number of iterations = 1
    number of iterations = 1
    number of iterations = 1
    number of iterations = 1
    number of iterations = 1
    number of iterations = 1
    number of iterations = 1
    number of iterations = 1
    number of iterations = 1
    number of iterations = 1
    number of iterations = 1
    number of iterations = 1
    number of iterations = 1
    number of iterations = 1
    number of iterations = 1
    number of iterations = 1
    number of iterations = 1
    number of iterations = 1
    number of iterations = 1
    number of iterations = 8
    number of iterations = 1
    number of iterations = 1
    number of iterations = 1
    number of iterations = 3
    number of iterations = 1
    number of iterations = 1
    number of iterations = 1
    number of iterations = 12
    number of iterations = 7
    number of iterations = 2
    number of iterations = 8
    number of iterations = 1
    number of iterations = 3
    number of iterations = 1
    number of iterations = 1
    number of iterations = 1
    number of iterations = 1
    number of iterations = 2
    number of iterations = 3
    number of iterations = 3
    number of iterations = 2
    number of iterations = 1
    number of iterations = 1
    number of iterations = 2
    number of iterations = 3
    number of iterations = 2
    number of iterations = 1
    number of iterations = 2
    number of iterations = 3
    number of iterations = 2
    number of iterations = 7
    number of iterations = 3
    number of iterations = 2
    number of iterations = 1
    number of iterations = 1
    number of iterations = 2
    number of iterations = 2
    number of iterations = 3
    number of iterations = 10
    number of iterations = 2
    number of iterations = 4
    number of iterations = 2
    number of iterations = 9
    number of iterations = 2
    number of iterations = 1
    number of iterations = 1
    number of iterations = 1
    number of iterations = 1
    number of iterations = 1
    number of iterations = 1
    number of iterations = 1
    number of iterations = 1
    number of iterations = 1
    number of iterations = 3
    number of iterations = 1
    number of iterations = 1
    number of iterations = 1
    number of iterations = 11
    number of iterations = 3
    number of iterations = 2
    number of iterations = 2
    number of iterations = 2
    number of iterations = 1
    number of iterations = 2
    number of iterations = 3
    number of iterations = 4
    number of iterations = 2
    number of iterations = 1
    number of iterations = 1
    number of iterations = 2
    number of iterations = 3
    number of iterations = 2
    number of iterations = 2
    number of iterations = 2
    number of iterations = 1
    number of iterations = 1
    number of iterations = 1
    number of iterations = 1
    number of iterations = 2
    number of iterations = 1
    number of iterations = 1
    number of iterations = 1
    number of iterations = 2
    number of iterations = 1
    number of iterations = 2
    number of iterations = 2
    number of iterations = 10
    number of iterations = 2
    number of iterations = 1
    number of iterations = 2
    number of iterations = 3
    number of iterations = 5
    number of iterations = 7
    number of iterations = 7
    number of iterations = 7
    number of iterations = 7
    number of iterations = 6
    number of iterations = 2
    number of iterations = 3
    number of iterations = 4
    number of iterations = 4
    number of iterations = 3
    number of iterations = 3
    number of iterations = 5
    number of iterations = 3
    number of iterations = 1
    number of iterations = 3
    number of iterations = 31
    number of iterations = 2
    number of iterations = 4
    number of iterations = 2
    number of iterations = 5
    number of iterations = 5
    number of iterations = 47
    number of iterations = 42
    number of iterations = 38
    number of iterations = 2
    number of iterations = 4
    number of iterations = 2
    number of iterations = 13
    number of iterations = 18
    number of iterations = 10
    number of iterations = 6
    number of iterations = 6
    number of iterations = 7
    number of iterations = 6
    number of iterations = 3
    number of iterations = 7
    number of iterations = 1
    number of iterations = 2
    number of iterations = 1
    number of iterations = 3
    number of iterations = 8
    number of iterations = 6
    number of iterations = 2
    number of iterations = 9
    number of iterations = 2
    number of iterations = 2
    number of iterations = 4
    number of iterations = 3
    number of iterations = 2
    number of iterations = 2
    number of iterations = 4
    number of iterations = 1
    number of iterations = 3
    number of iterations = 3
    number of iterations = 2
    number of iterations = 3
    number of iterations = 2
    number of iterations = 3
    number of iterations = 2
    number of iterations = 1
    number of iterations = 5
    number of iterations = 4
    number of iterations = 2
    number of iterations = 2
    number of iterations = 11
    number of iterations = 2
    number of iterations = 3
    number of iterations = 4
    number of iterations = 6
    number of iterations = 28
    number of iterations = 6
    number of iterations = 54
    number of iterations = 5
    number of iterations = 5
    number of iterations = 15
    number of iterations = 56
    number of iterations = 10
    number of iterations = 41
    number of iterations = 3
    number of iterations = 76
    number of iterations = 7
    number of iterations = 14
    number of iterations = 21
    number of iterations = 89
cell cleanup complete.
SEGMENTATION OPERATION COMPLETE.
time elapsed: 1495.0341017246246 seconds
determining distances...
distances determined.
Maximum size does not agree with minimum distance! Mother may be incorrect, assuming min distance.
Maximum size does not agree with minimum distance! Mother may be incorrect, assuming min distance.
Maximum size does not agree with minimum distance! Mother may be incorrect, assuming min distance.
Maximum size does not agree with minimum distance! Mother may be incorrect, assuming min distance.
Maximum size does not agree with minimum distance! Mother may be incorrect, assuming min distance.
Maximum size does not agree with minimum distance! Mother may be incorrect, assuming min distance.
Maximum size does not agree with minimum distance! Mother may be incorrect, assuming min distance.
Maximum size does not agree with minimum distance! Mother may be incorrect, assuming min distance.
Maximum size does not agree with minimum distance! Mother may be incorrect, assuming min distance.
Maximum size does not agree with minimum distance! Mother may be incorrect, assuming min distance.
Maximum size does not agree with minimum distance! Mother may be incorrect, assuming min distance.
Maximum size does not agree with minimum distance! Mother may be incorrect, assuming min distance.
Maximum size does not agree with minimum distance! Mother may be incorrect, assuming min distance.
Maximum size does not agree with minimum distance! Mother may be incorrect, assuming min distance.
maximum size and minimum distance agree
Maximum size does not agree with minimum distance! Mother may be incorrect, assuming min distance.
Maximum size does not agree with minimum distance! Mother may be incorrect, assuming min distance.
Maximum size does not agree with minimum distance! Mother may be incorrect, assuming min distance.
Maximum size does not agree with minimum distance! Mother may be incorrect, assuming min distance.
Maximum size does not agree with minimum distance! Mother may be incorrect, assuming min distance.
Maximum size does not agree with minimum distance! Mother may be incorrect, assuming min distance.
Maximum size does not agree with minimum distance! Mother may be incorrect, assuming min distance.
Maximum size does not agree with minimum distance! Mother may be incorrect, assuming min distance.
Maximum size does not agree with minimum distance! Mother may be incorrect, assuming min distance.
Maximum size does not agree with minimum distance! Mother may be incorrect, assuming min distance.
Maximum size does not agree with minimum distance! Mother may be incorrect, assuming min distance.
Maximum size does not agree with minimum distance! Mother may be incorrect, assuming min distance.
Maximum size does not agree with minimum distance! Mother may be incorrect, assuming min distance.
Maximum size does not agree with minimum distance! Mother may be incorrect, assuming min distance.
Maximum size does not agree with minimum distance! Mother may be incorrect, assuming min distance.
Maximum size does not agree with minimum distance! Mother may be incorrect, assuming min distance.
Maximum size does not agree with minimum distance! Mother may be incorrect, assuming min distance.
Maximum size does not agree with minimum distance! Mother may be incorrect, assuming min distance.
Maximum size does not agree with minimum distance! Mother may be incorrect, assuming min distance.
Maximum size does not agree with minimum distance! Mother may be incorrect, assuming min distance.
Maximum size does not agree with minimum distance! Mother may be incorrect, assuming min distance.
Maximum size does not agree with minimum distance! Mother may be incorrect, assuming min distance.
Maximum size does not agree with minimum distance! Mother may be incorrect, assuming min distance.
Maximum size does not agree with minimum distance! Mother may be incorrect, assuming min distance.
Maximum size does not agree with minimum distance! Mother may be incorrect, assuming min distance.
Maximum size does not agree with minimum distance! Mother may be incorrect, assuming min distance.
Maximum size does not agree with minimum distance! Mother may be incorrect, assuming min distance.
Maximum size does not agree with minimum distance! Mother may be incorrect, assuming min distance.
Maximum size does not agree with minimum distance! Mother may be incorrect, assuming min distance.
Maximum size does not agree with minimum distance! Mother may be incorrect, assuming min distance.
Maximum size does not agree with minimum distance! Mother may be incorrect, assuming min distance.
Maximum size does not agree with minimum distance! Mother may be incorrect, assuming min distance.
Maximum size does not agree with minimum distance! Mother may be incorrect, assuming min distance.
Maximum size does not agree with minimum distance! Mother may be incorrect, assuming min distance.
Maximum size does not agree with minimum distance! Mother may be incorrect, assuming min distance.
Maximum size does not agree with minimum distance! Mother may be incorrect, assuming min distance.
Maximum size does not agree with minimum distance! Mother may be incorrect, assuming min distance.
Maximum size does not agree with minimum distance! Mother may be incorrect, assuming min distance.
Maximum size does not agree with minimum distance! Mother may be incorrect, assuming min distance.
Maximum size does not agree with minimum distance! Mother may be incorrect, assuming min distance.
Maximum size does not agree with minimum distance! Mother may be incorrect, assuming min distance.
Maximum size does not agree with minimum distance! Mother may be incorrect, assuming min distance.
Maximum size does not agree with minimum distance! Mother may be incorrect, assuming min distance.
Maximum size does not agree with minimum distance! Mother may be incorrect, assuming min distance.
Maximum size does not agree with minimum distance! Mother may be incorrect, assuming min distance.
Maximum size does not agree with minimum distance! Mother may be incorrect, assuming min distance.
Maximum size does not agree with minimum distance! Mother may be incorrect, assuming min distance.
Maximum size does not agree with minimum distance! Mother may be incorrect, assuming min distance.
Maximum size does not agree with minimum distance! Mother may be incorrect, assuming min distance.
Maximum size does not agree with minimum distance! Mother may be incorrect, assuming min distance.
Maximum size does not agree with minimum distance! Mother may be incorrect, assuming min distance.
Maximum size does not agree with minimum distance! Mother may be incorrect, assuming min distance.
Maximum size does not agree with minimum distance! Mother may be incorrect, assuming min distance.
Maximum size does not agree with minimum distance! Mother may be incorrect, assuming min distance.
Maximum size does not agree with minimum distance! Mother may be incorrect, assuming min distance.
Maximum size does not agree with minimum distance! Mother may be incorrect, assuming min distance.
Maximum size does not agree with minimum distance! Mother may be incorrect, assuming min distance.
Maximum size does not agree with minimum distance! Mother may be incorrect, assuming min distance.
Maximum size does not agree with minimum distance! Mother may be incorrect, assuming min distance.
Maximum size does not agree with minimum distance! Mother may be incorrect, assuming min distance.
Maximum size does not agree with minimum distance! Mother may be incorrect, assuming min distance.
Maximum size does not agree with minimum distance! Mother may be incorrect, assuming min distance.
Maximum size does not agree with minimum distance! Mother may be incorrect, assuming min distance.
Maximum size does not agree with minimum distance! Mother may be incorrect, assuming min distance.
Maximum size does not agree with minimum distance! Mother may be incorrect, assuming min distance.
Maximum size does not agree with minimum distance! Mother may be incorrect, assuming min distance.
Maximum size does not agree with minimum distance! Mother may be incorrect, assuming min distance.
Maximum size does not agree with minimum distance! Mother may be incorrect, assuming min distance.
Maximum size does not agree with minimum distance! Mother may be incorrect, assuming min distance.
Maximum size does not agree with minimum distance! Mother may be incorrect, assuming min distance.
Maximum size does not agree with minimum distance! Mother may be incorrect, assuming min distance.
Maximum size does not agree with minimum distance! Mother may be incorrect, assuming min distance.
Maximum size does not agree with minimum distance! Mother may be incorrect, assuming min distance.
Maximum size does not agree with minimum distance! Mother may be incorrect, assuming min distance.
Maximum size does not agree with minimum distance! Mother may be incorrect, assuming min distance.
Maximum size does not agree with minimum distance! Mother may be incorrect, assuming min distance.
Maximum size does not agree with minimum distance! Mother may be incorrect, assuming min distance.
Maximum size does not agree with minimum distance! Mother may be incorrect, assuming min distance.
Maximum size does not agree with minimum distance! Mother may be incorrect, assuming min distance.
Maximum size does not agree with minimum distance! Mother may be incorrect, assuming min distance.
Maximum size does not agree with minimum distance! Mother may be incorrect, assuming min distance.
Maximum size does not agree with minimum distance! Mother may be incorrect, assuming min distance.
Maximum size does not agree with minimum distance! Mother may be incorrect, assuming min distance.
Maximum size does not agree with minimum distance! Mother may be incorrect, assuming min distance.
Maximum size does not agree with minimum distance! Mother may be incorrect, assuming min distance.
Maximum size does not agree with minimum distance! Mother may be incorrect, assuming min distance.
Maximum size does not agree with minimum distance! Mother may be incorrect, assuming min distance.
Maximum size does not agree with minimum distance! Mother may be incorrect, assuming min distance.
Maximum size does not agree with minimum distance! Mother may be incorrect, assuming min distance.
Maximum size does not agree with minimum distance! Mother may be incorrect, assuming min distance.
Maximum size does not agree with minimum distance! Mother may be incorrect, assuming min distance.
Maximum size does not agree with minimum distance! Mother may be incorrect, assuming min distance.
Maximum size does not agree with minimum distance! Mother may be incorrect, assuming min distance.
Maximum size does not agree with minimum distance! Mother may be incorrect, assuming min distance.
Maximum size does not agree with minimum distance! Mother may be incorrect, assuming min distance.
Maximum size does not agree with minimum distance! Mother may be incorrect, assuming min distance.
Maximum size does not agree with minimum distance! Mother may be incorrect, assuming min distance.
Maximum size does not agree with minimum distance! Mother may be incorrect, assuming min distance.
Maximum size does not agree with minimum distance! Mother may be incorrect, assuming min distance.
Maximum size does not agree with minimum distance! Mother may be incorrect, assuming min distance.
Maximum size does not agree with minimum distance! Mother may be incorrect, assuming min distance.
Maximum size does not agree with minimum distance! Mother may be incorrect, assuming min distance.
Maximum size does not agree with minimum distance! Mother may be incorrect, assuming min distance.
Maximum size does not agree with minimum distance! Mother may be incorrect, assuming min distance.
Maximum size does not agree with minimum distance! Mother may be incorrect, assuming min distance.
Maximum size does not agree with minimum distance! Mother may be incorrect, assuming min distance.
Maximum size does not agree with minimum distance! Mother may be incorrect, assuming min distance.
Maximum size does not agree with minimum distance! Mother may be incorrect, assuming min distance.
Maximum size does not agree with minimum distance! Mother may be incorrect, assuming min distance.
Maximum size does not agree with minimum distance! Mother may be incorrect, assuming min distance.
Maximum size does not agree with minimum distance! Mother may be incorrect, assuming min distance.
Maximum size does not agree with minimum distance! Mother may be incorrect, assuming min distance.
Maximum size does not agree with minimum distance! Mother may be incorrect, assuming min distance.
Maximum size does not agree with minimum distance! Mother may be incorrect, assuming min distance.
Maximum size does not agree with minimum distance! Mother may be incorrect, assuming min distance.
Maximum size does not agree with minimum distance! Mother may be incorrect, assuming min distance.
Maximum size does not agree with minimum distance! Mother may be incorrect, assuming min distance.
Maximum size does not agree with minimum distance! Mother may be incorrect, assuming min distance.
Maximum size does not agree with minimum distance! Mother may be incorrect, assuming min distance.
Maximum size does not agree with minimum distance! Mother may be incorrect, assuming min distance.
Maximum size does not agree with minimum distance! Mother may be incorrect, assuming min distance.
Maximum size does not agree with minimum distance! Mother may be incorrect, assuming min distance.
Maximum size does not agree with minimum distance! Mother may be incorrect, assuming min distance.
Maximum size does not agree with minimum distance! Mother may be incorrect, assuming min distance.
Maximum size does not agree with minimum distance! Mother may be incorrect, assuming min distance.
Maximum size does not agree with minimum distance! Mother may be incorrect, assuming min distance.
Maximum size does not agree with minimum distance! Mother may be incorrect, assuming min distance.
Maximum size does not agree with minimum distance! Mother may be incorrect, assuming min distance.
Maximum size does not agree with minimum distance! Mother may be incorrect, assuming min distance.
Maximum size does not agree with minimum distance! Mother may be incorrect, assuming min distance.
Maximum size does not agree with minimum distance! Mother may be incorrect, assuming min distance.
Maximum size does not agree with minimum distance! Mother may be incorrect, assuming min distance.
Maximum size does not agree with minimum distance! Mother may be incorrect, assuming min distance.
Maximum size does not agree with minimum distance! Mother may be incorrect, assuming min distance.
Maximum size does not agree with minimum distance! Mother may be incorrect, assuming min distance.
Maximum size does not agree with minimum distance! Mother may be incorrect, assuming min distance.
Maximum size does not agree with minimum distance! Mother may be incorrect, assuming min distance.
Maximum size does not agree with minimum distance! Mother may be incorrect, assuming min distance.
Maximum size does not agree with minimum distance! Mother may be incorrect, assuming min distance.
Maximum size does not agree with minimum distance! Mother may be incorrect, assuming min distance.
Maximum size does not agree with minimum distance! Mother may be incorrect, assuming min distance.
Maximum size does not agree with minimum distance! Mother may be incorrect, assuming min distance.
Maximum size does not agree with minimum distance! Mother may be incorrect, assuming min distance.
Maximum size does not agree with minimum distance! Mother may be incorrect, assuming min distance.
Maximum size does not agree with minimum distance! Mother may be incorrect, assuming min distance.
Maximum size does not agree with minimum distance! Mother may be incorrect, assuming min distance.
Maximum size does not agree with minimum distance! Mother may be incorrect, assuming min distance.
Maximum size does not agree with minimum distance! Mother may be incorrect, assuming min distance.
Maximum size does not agree with minimum distance! Mother may be incorrect, assuming min distance.
Maximum size does not agree with minimum distance! Mother may be incorrect, assuming min distance.
Maximum size does not agree with minimum distance! Mother may be incorrect, assuming min distance.
Maximum size does not agree with minimum distance! Mother may be incorrect, assuming min distance.
Maximum size does not agree with minimum distance! Mother may be incorrect, assuming min distance.
Maximum size does not agree with minimum distance! Mother may be incorrect, assuming min distance.
Maximum size does not agree with minimum distance! Mother may be incorrect, assuming min distance.
Maximum size does not agree with minimum distance! Mother may be incorrect, assuming min distance.
Maximum size does not agree with minimum distance! Mother may be incorrect, assuming min distance.
Maximum size does not agree with minimum distance! Mother may be incorrect, assuming min distance.
Maximum size does not agree with minimum distance! Mother may be incorrect, assuming min distance.
Maximum size does not agree with minimum distance! Mother may be incorrect, assuming min distance.
Maximum size does not agree with minimum distance! Mother may be incorrect, assuming min distance.
Maximum size does not agree with minimum distance! Mother may be incorrect, assuming min distance.
Maximum size does not agree with minimum distance! Mother may be incorrect, assuming min distance.
Maximum size does not agree with minimum distance! Mother may be incorrect, assuming min distance.
Maximum size does not agree with minimum distance! Mother may be incorrect, assuming min distance.
Maximum size does not agree with minimum distance! Mother may be incorrect, assuming min distance.
Maximum size does not agree with minimum distance! Mother may be incorrect, assuming min distance.
Maximum size does not agree with minimum distance! Mother may be incorrect, assuming min distance.
Maximum size does not agree with minimum distance! Mother may be incorrect, assuming min distance.
Maximum size does not agree with minimum distance! Mother may be incorrect, assuming min distance.
Maximum size does not agree with minimum distance! Mother may be incorrect, assuming min distance.
Maximum size does not agree with minimum distance! Mother may be incorrect, assuming min distance.
Maximum size does not agree with minimum distance! Mother may be incorrect, assuming min distance.
Maximum size does not agree with minimum distance! Mother may be incorrect, assuming min distance.
Maximum size does not agree with minimum distance! Mother may be incorrect, assuming min distance.
Maximum size does not agree with minimum distance! Mother may be incorrect, assuming min distance.
Maximum size does not agree with minimum distance! Mother may be incorrect, assuming min distance.
Maximum size does not agree with minimum distance! Mother may be incorrect, assuming min distance.
Maximum size does not agree with minimum distance! Mother may be incorrect, assuming min distance.
Maximum size does not agree with minimum distance! Mother may be incorrect, assuming min distance.
Maximum size does not agree with minimum distance! Mother may be incorrect, assuming min distance.
Maximum size does not agree with minimum distance! Mother may be incorrect, assuming min distance.
Maximum size does not agree with minimum distance! Mother may be incorrect, assuming min distance.
Maximum size does not agree with minimum distance! Mother may be incorrect, assuming min distance.
Maximum size does not agree with minimum distance! Mother may be incorrect, assuming min distance.
Maximum size does not agree with minimum distance! Mother may be incorrect, assuming min distance.
Maximum size does not agree with minimum distance! Mother may be incorrect, assuming min distance.
eliminating all but mother cell...
mothers produced.
creating SegmentObject...
