Namespace(array_length='5', array_number='4', img_dir='/n/denicfs/users/akane/microscopy/microfluidics/181009_AJKX113/processed_images/', threshold='85')
Segment images:
['Pos9_x1048_y494_Segment.tif']
SEGMENTING Pos9_x1048_y494_Segment.tif
reading Pos9_x1048_y494_Segment.tif ...
raw image imported.
thresholding...
filling holes...
2d holes filled.
binary processing complete.
generating distance map...
distance map complete.
smoothing distance map...
distance map smoothed.
identifying maxima...
maxima identified.
watershedding...
raw watershedding complete.
cleaning up cells...
    number of iterations = 1
    number of iterations = 1
    number of iterations = 1
    number of iterations = 1
    number of iterations = 3
    number of iterations = 1
    number of iterations = 1
    number of iterations = 1
    number of iterations = 1
    number of iterations = 1
    number of iterations = 1
    number of iterations = 1
    number of iterations = 1
    number of iterations = 3
    number of iterations = 1
    number of iterations = 1
    number of iterations = 1
    number of iterations = 1
    number of iterations = 1
    number of iterations = 1
    number of iterations = 1
    number of iterations = 1
    number of iterations = 1
    number of iterations = 1
    number of iterations = 1
    number of iterations = 1
    number of iterations = 1
    number of iterations = 1
    number of iterations = 1
    number of iterations = 1
    number of iterations = 2
    number of iterations = 1
    number of iterations = 2
    number of iterations = 1
    number of iterations = 1
    number of iterations = 7
    number of iterations = 3
    number of iterations = 2
    number of iterations = 1
    number of iterations = 3
    number of iterations = 1
    number of iterations = 2
    number of iterations = 2
    number of iterations = 1
    number of iterations = 1
    number of iterations = 1
    number of iterations = 1
    number of iterations = 1
    number of iterations = 1
    number of iterations = 1
    number of iterations = 3
    number of iterations = 5
    number of iterations = 3
    number of iterations = 4
    number of iterations = 3
    number of iterations = 4
    number of iterations = 3
    number of iterations = 4
    number of iterations = 1
    number of iterations = 1
    number of iterations = 1
    number of iterations = 1
    number of iterations = 1
    number of iterations = 1
    number of iterations = 1
    number of iterations = 1
    number of iterations = 1
    number of iterations = 1
    number of iterations = 1
    number of iterations = 1
    number of iterations = 1
    number of iterations = 1
    number of iterations = 1
    number of iterations = 1
    number of iterations = 1
    number of iterations = 1
    number of iterations = 1
    number of iterations = 1
    number of iterations = 1
    number of iterations = 1
    number of iterations = 1
    number of iterations = 3
    number of iterations = 3
    number of iterations = 2
    number of iterations = 1
    number of iterations = 1
    number of iterations = 1
    number of iterations = 1
    number of iterations = 1
    number of iterations = 1
    number of iterations = 1
    number of iterations = 2
    number of iterations = 7
    number of iterations = 3
    number of iterations = 1
    number of iterations = 1
    number of iterations = 1
    number of iterations = 1
    number of iterations = 2
    number of iterations = 2
    number of iterations = 1
    number of iterations = 1
    number of iterations = 1
    number of iterations = 1
    number of iterations = 1
    number of iterations = 1
    number of iterations = 2
    number of iterations = 3
    number of iterations = 1
    number of iterations = 1
    number of iterations = 1
    number of iterations = 2
    number of iterations = 1
    number of iterations = 1
    number of iterations = 1
    number of iterations = 1
    number of iterations = 1
    number of iterations = 1
    number of iterations = 1
    number of iterations = 1
    number of iterations = 1
    number of iterations = 1
    number of iterations = 1
    number of iterations = 1
    number of iterations = 1
    number of iterations = 1
    number of iterations = 1
    number of iterations = 1
    number of iterations = 1
    number of iterations = 1
    number of iterations = 1
    number of iterations = 1
    number of iterations = 1
    number of iterations = 1
    number of iterations = 1
    number of iterations = 1
    number of iterations = 1
    number of iterations = 1
    number of iterations = 1
    number of iterations = 1
    number of iterations = 1
    number of iterations = 1
    number of iterations = 1
    number of iterations = 1
    number of iterations = 1
    number of iterations = 1
    number of iterations = 1
    number of iterations = 1
    number of iterations = 1
    number of iterations = 1
    number of iterations = 1
    number of iterations = 1
    number of iterations = 1
    number of iterations = 1
    number of iterations = 1
    number of iterations = 1
    number of iterations = 1
    number of iterations = 1
    number of iterations = 1
    number of iterations = 1
    number of iterations = 1
    number of iterations = 1
    number of iterations = 1
    number of iterations = 1
    number of iterations = 1
    number of iterations = 1
    number of iterations = 1
    number of iterations = 1
    number of iterations = 1
    number of iterations = 1
    number of iterations = 1
    number of iterations = 1
    number of iterations = 1
    number of iterations = 3
    number of iterations = 3
    number of iterations = 1
    number of iterations = 1
    number of iterations = 1
    number of iterations = 15
    number of iterations = 4
    number of iterations = 3
    number of iterations = 11
    number of iterations = 12
    number of iterations = 12
    number of iterations = 87
    number of iterations = 60
    number of iterations = 5
    number of iterations = 6
    number of iterations = 4
    number of iterations = 4
    number of iterations = 10
    number of iterations = 16
    number of iterations = 6
    number of iterations = 37
    number of iterations = 4
    number of iterations = 117
    number of iterations = 22
    number of iterations = 4
    number of iterations = 124
    number of iterations = 40
    number of iterations = 5
    number of iterations = 7
cell cleanup complete.
SEGMENTATION OPERATION COMPLETE.
time elapsed: 2240.084170103073 seconds
determining distances...
distances determined.
Maximum size does not agree with minimum distance! Mother may be incorrect, assuming min distance.
Maximum size does not agree with minimum distance! Mother may be incorrect, assuming min distance.
Maximum size does not agree with minimum distance! Mother may be incorrect, assuming min distance.
Maximum size does not agree with minimum distance! Mother may be incorrect, assuming min distance.
Maximum size does not agree with minimum distance! Mother may be incorrect, assuming min distance.
Maximum size does not agree with minimum distance! Mother may be incorrect, assuming min distance.
Maximum size does not agree with minimum distance! Mother may be incorrect, assuming min distance.
Maximum size does not agree with minimum distance! Mother may be incorrect, assuming min distance.
Maximum size does not agree with minimum distance! Mother may be incorrect, assuming min distance.
Maximum size does not agree with minimum distance! Mother may be incorrect, assuming min distance.
Maximum size does not agree with minimum distance! Mother may be incorrect, assuming min distance.
Maximum size does not agree with minimum distance! Mother may be incorrect, assuming min distance.
Maximum size does not agree with minimum distance! Mother may be incorrect, assuming min distance.
Maximum size does not agree with minimum distance! Mother may be incorrect, assuming min distance.
Maximum size does not agree with minimum distance! Mother may be incorrect, assuming min distance.
Maximum size does not agree with minimum distance! Mother may be incorrect, assuming min distance.
Maximum size does not agree with minimum distance! Mother may be incorrect, assuming min distance.
Maximum size does not agree with minimum distance! Mother may be incorrect, assuming min distance.
Maximum size does not agree with minimum distance! Mother may be incorrect, assuming min distance.
Maximum size does not agree with minimum distance! Mother may be incorrect, assuming min distance.
Maximum size does not agree with minimum distance! Mother may be incorrect, assuming min distance.
Maximum size does not agree with minimum distance! Mother may be incorrect, assuming min distance.
Maximum size does not agree with minimum distance! Mother may be incorrect, assuming min distance.
Maximum size does not agree with minimum distance! Mother may be incorrect, assuming min distance.
Maximum size does not agree with minimum distance! Mother may be incorrect, assuming min distance.
Maximum size does not agree with minimum distance! Mother may be incorrect, assuming min distance.
Maximum size does not agree with minimum distance! Mother may be incorrect, assuming min distance.
Maximum size does not agree with minimum distance! Mother may be incorrect, assuming min distance.
Maximum size does not agree with minimum distance! Mother may be incorrect, assuming min distance.
Maximum size does not agree with minimum distance! Mother may be incorrect, assuming min distance.
Maximum size does not agree with minimum distance! Mother may be incorrect, assuming min distance.
Maximum size does not agree with minimum distance! Mother may be incorrect, assuming min distance.
Maximum size does not agree with minimum distance! Mother may be incorrect, assuming min distance.
Maximum size does not agree with minimum distance! Mother may be incorrect, assuming min distance.
Maximum size does not agree with minimum distance! Mother may be incorrect, assuming min distance.
Maximum size does not agree with minimum distance! Mother may be incorrect, assuming min distance.
Maximum size does not agree with minimum distance! Mother may be incorrect, assuming min distance.
Maximum size does not agree with minimum distance! Mother may be incorrect, assuming min distance.
Maximum size does not agree with minimum distance! Mother may be incorrect, assuming min distance.
Maximum size does not agree with minimum distance! Mother may be incorrect, assuming min distance.
Maximum size does not agree with minimum distance! Mother may be incorrect, assuming min distance.
Maximum size does not agree with minimum distance! Mother may be incorrect, assuming min distance.
Maximum size does not agree with minimum distance! Mother may be incorrect, assuming min distance.
Maximum size does not agree with minimum distance! Mother may be incorrect, assuming min distance.
Maximum size does not agree with minimum distance! Mother may be incorrect, assuming min distance.
Maximum size does not agree with minimum distance! Mother may be incorrect, assuming min distance.
Maximum size does not agree with minimum distance! Mother may be incorrect, assuming min distance.
Maximum size does not agree with minimum distance! Mother may be incorrect, assuming min distance.
Maximum size does not agree with minimum distance! Mother may be incorrect, assuming min distance.
Maximum size does not agree with minimum distance! Mother may be incorrect, assuming min distance.
Maximum size does not agree with minimum distance! Mother may be incorrect, assuming min distance.
Maximum size does not agree with minimum distance! Mother may be incorrect, assuming min distance.
Maximum size does not agree with minimum distance! Mother may be incorrect, assuming min distance.
Maximum size does not agree with minimum distance! Mother may be incorrect, assuming min distance.
Maximum size does not agree with minimum distance! Mother may be incorrect, assuming min distance.
Maximum size does not agree with minimum distance! Mother may be incorrect, assuming min distance.
Maximum size does not agree with minimum distance! Mother may be incorrect, assuming min distance.
Maximum size does not agree with minimum distance! Mother may be incorrect, assuming min distance.
Maximum size does not agree with minimum distance! Mother may be incorrect, assuming min distance.
Maximum size does not agree with minimum distance! Mother may be incorrect, assuming min distance.
Maximum size does not agree with minimum distance! Mother may be incorrect, assuming min distance.
Maximum size does not agree with minimum distance! Mother may be incorrect, assuming min distance.
Maximum size does not agree with minimum distance! Mother may be incorrect, assuming min distance.
Maximum size does not agree with minimum distance! Mother may be incorrect, assuming min distance.
Maximum size does not agree with minimum distance! Mother may be incorrect, assuming min distance.
Maximum size does not agree with minimum distance! Mother may be incorrect, assuming min distance.
Maximum size does not agree with minimum distance! Mother may be incorrect, assuming min distance.
Maximum size does not agree with minimum distance! Mother may be incorrect, assuming min distance.
Maximum size does not agree with minimum distance! Mother may be incorrect, assuming min distance.
Maximum size does not agree with minimum distance! Mother may be incorrect, assuming min distance.
Maximum size does not agree with minimum distance! Mother may be incorrect, assuming min distance.
Maximum size does not agree with minimum distance! Mother may be incorrect, assuming min distance.
Maximum size does not agree with minimum distance! Mother may be incorrect, assuming min distance.
Maximum size does not agree with minimum distance! Mother may be incorrect, assuming min distance.
Maximum size does not agree with minimum distance! Mother may be incorrect, assuming min distance.
Maximum size does not agree with minimum distance! Mother may be incorrect, assuming min distance.
Maximum size does not agree with minimum distance! Mother may be incorrect, assuming min distance.
Maximum size does not agree with minimum distance! Mother may be incorrect, assuming min distance.
Maximum size does not agree with minimum distance! Mother may be incorrect, assuming min distance.
Maximum size does not agree with minimum distance! Mother may be incorrect, assuming min distance.
Maximum size does not agree with minimum distance! Mother may be incorrect, assuming min distance.
Maximum size does not agree with minimum distance! Mother may be incorrect, assuming min distance.
Maximum size does not agree with minimum distance! Mother may be incorrect, assuming min distance.
Maximum size does not agree with minimum distance! Mother may be incorrect, assuming min distance.
Maximum size does not agree with minimum distance! Mother may be incorrect, assuming min distance.
Maximum size does not agree with minimum distance! Mother may be incorrect, assuming min distance.
Maximum size does not agree with minimum distance! Mother may be incorrect, assuming min distance.
Maximum size does not agree with minimum distance! Mother may be incorrect, assuming min distance.
Maximum size does not agree with minimum distance! Mother may be incorrect, assuming min distance.
Maximum size does not agree with minimum distance! Mother may be incorrect, assuming min distance.
Maximum size does not agree with minimum distance! Mother may be incorrect, assuming min distance.
Maximum size does not agree with minimum distance! Mother may be incorrect, assuming min distance.
Maximum size does not agree with minimum distance! Mother may be incorrect, assuming min distance.
Maximum size does not agree with minimum distance! Mother may be incorrect, assuming min distance.
Maximum size does not agree with minimum distance! Mother may be incorrect, assuming min distance.
Maximum size does not agree with minimum distance! Mother may be incorrect, assuming min distance.
Maximum size does not agree with minimum distance! Mother may be incorrect, assuming min distance.
Maximum size does not agree with minimum distance! Mother may be incorrect, assuming min distance.
Maximum size does not agree with minimum distance! Mother may be incorrect, assuming min distance.
Maximum size does not agree with minimum distance! Mother may be incorrect, assuming min distance.
Maximum size does not agree with minimum distance! Mother may be incorrect, assuming min distance.
Maximum size does not agree with minimum distance! Mother may be incorrect, assuming min distance.
Maximum size does not agree with minimum distance! Mother may be incorrect, assuming min distance.
Maximum size does not agree with minimum distance! Mother may be incorrect, assuming min distance.
Maximum size does not agree with minimum distance! Mother may be incorrect, assuming min distance.
Maximum size does not agree with minimum distance! Mother may be incorrect, assuming min distance.
Maximum size does not agree with minimum distance! Mother may be incorrect, assuming min distance.
Maximum size does not agree with minimum distance! Mother may be incorrect, assuming min distance.
Maximum size does not agree with minimum distance! Mother may be incorrect, assuming min distance.
Maximum size does not agree with minimum distance! Mother may be incorrect, assuming min distance.
Maximum size does not agree with minimum distance! Mother may be incorrect, assuming min distance.
Maximum size does not agree with minimum distance! Mother may be incorrect, assuming min distance.
Maximum size does not agree with minimum distance! Mother may be incorrect, assuming min distance.
Maximum size does not agree with minimum distance! Mother may be incorrect, assuming min distance.
Maximum size does not agree with minimum distance! Mother may be incorrect, assuming min distance.
Maximum size does not agree with minimum distance! Mother may be incorrect, assuming min distance.
Maximum size does not agree with minimum distance! Mother may be incorrect, assuming min distance.
Maximum size does not agree with minimum distance! Mother may be incorrect, assuming min distance.
Maximum size does not agree with minimum distance! Mother may be incorrect, assuming min distance.
Maximum size does not agree with minimum distance! Mother may be incorrect, assuming min distance.
Maximum size does not agree with minimum distance! Mother may be incorrect, assuming min distance.
Maximum size does not agree with minimum distance! Mother may be incorrect, assuming min distance.
Maximum size does not agree with minimum distance! Mother may be incorrect, assuming min distance.
Maximum size does not agree with minimum distance! Mother may be incorrect, assuming min distance.
Maximum size does not agree with minimum distance! Mother may be incorrect, assuming min distance.
Maximum size does not agree with minimum distance! Mother may be incorrect, assuming min distance.
Maximum size does not agree with minimum distance! Mother may be incorrect, assuming min distance.
Maximum size does not agree with minimum distance! Mother may be incorrect, assuming min distance.
Maximum size does not agree with minimum distance! Mother may be incorrect, assuming min distance.
Maximum size does not agree with minimum distance! Mother may be incorrect, assuming min distance.
Maximum size does not agree with minimum distance! Mother may be incorrect, assuming min distance.
Maximum size does not agree with minimum distance! Mother may be incorrect, assuming min distance.
Maximum size does not agree with minimum distance! Mother may be incorrect, assuming min distance.
Maximum size does not agree with minimum distance! Mother may be incorrect, assuming min distance.
Maximum size does not agree with minimum distance! Mother may be incorrect, assuming min distance.
Maximum size does not agree with minimum distance! Mother may be incorrect, assuming min distance.
Maximum size does not agree with minimum distance! Mother may be incorrect, assuming min distance.
Maximum size does not agree with minimum distance! Mother may be incorrect, assuming min distance.
Maximum size does not agree with minimum distance! Mother may be incorrect, assuming min distance.
Maximum size does not agree with minimum distance! Mother may be incorrect, assuming min distance.
Maximum size does not agree with minimum distance! Mother may be incorrect, assuming min distance.
Maximum size does not agree with minimum distance! Mother may be incorrect, assuming min distance.
Maximum size does not agree with minimum distance! Mother may be incorrect, assuming min distance.
Maximum size does not agree with minimum distance! Mother may be incorrect, assuming min distance.
Maximum size does not agree with minimum distance! Mother may be incorrect, assuming min distance.
Maximum size does not agree with minimum distance! Mother may be incorrect, assuming min distance.
Maximum size does not agree with minimum distance! Mother may be incorrect, assuming min distance.
Maximum size does not agree with minimum distance! Mother may be incorrect, assuming min distance.
Maximum size does not agree with minimum distance! Mother may be incorrect, assuming min distance.
Maximum size does not agree with minimum distance! Mother may be incorrect, assuming min distance.
Maximum size does not agree with minimum distance! Mother may be incorrect, assuming min distance.
Maximum size does not agree with minimum distance! Mother may be incorrect, assuming min distance.
Maximum size does not agree with minimum distance! Mother may be incorrect, assuming min distance.
Maximum size does not agree with minimum distance! Mother may be incorrect, assuming min distance.
Maximum size does not agree with minimum distance! Mother may be incorrect, assuming min distance.
Maximum size does not agree with minimum distance! Mother may be incorrect, assuming min distance.
Maximum size does not agree with minimum distance! Mother may be incorrect, assuming min distance.
Maximum size does not agree with minimum distance! Mother may be incorrect, assuming min distance.
Maximum size does not agree with minimum distance! Mother may be incorrect, assuming min distance.
Maximum size does not agree with minimum distance! Mother may be incorrect, assuming min distance.
Maximum size does not agree with minimum distance! Mother may be incorrect, assuming min distance.
Maximum size does not agree with minimum distance! Mother may be incorrect, assuming min distance.
Maximum size does not agree with minimum distance! Mother may be incorrect, assuming min distance.
Maximum size does not agree with minimum distance! Mother may be incorrect, assuming min distance.
Maximum size does not agree with minimum distance! Mother may be incorrect, assuming min distance.
Maximum size does not agree with minimum distance! Mother may be incorrect, assuming min distance.
Maximum size does not agree with minimum distance! Mother may be incorrect, assuming min distance.
Maximum size does not agree with minimum distance! Mother may be incorrect, assuming min distance.
Maximum size does not agree with minimum distance! Mother may be incorrect, assuming min distance.
Maximum size does not agree with minimum distance! Mother may be incorrect, assuming min distance.
Maximum size does not agree with minimum distance! Mother may be incorrect, assuming min distance.
Maximum size does not agree with minimum distance! Mother may be incorrect, assuming min distance.
Maximum size does not agree with minimum distance! Mother may be incorrect, assuming min distance.
Maximum size does not agree with minimum distance! Mother may be incorrect, assuming min distance.
Maximum size does not agree with minimum distance! Mother may be incorrect, assuming min distance.
Maximum size does not agree with minimum distance! Mother may be incorrect, assuming min distance.
Maximum size does not agree with minimum distance! Mother may be incorrect, assuming min distance.
Maximum size does not agree with minimum distance! Mother may be incorrect, assuming min distance.
Maximum size does not agree with minimum distance! Mother may be incorrect, assuming min distance.
Maximum size does not agree with minimum distance! Mother may be incorrect, assuming min distance.
Maximum size does not agree with minimum distance! Mother may be incorrect, assuming min distance.
Maximum size does not agree with minimum distance! Mother may be incorrect, assuming min distance.
Maximum size does not agree with minimum distance! Mother may be incorrect, assuming min distance.
Maximum size does not agree with minimum distance! Mother may be incorrect, assuming min distance.
Maximum size does not agree with minimum distance! Mother may be incorrect, assuming min distance.
Maximum size does not agree with minimum distance! Mother may be incorrect, assuming min distance.
Maximum size does not agree with minimum distance! Mother may be incorrect, assuming min distance.
Maximum size does not agree with minimum distance! Mother may be incorrect, assuming min distance.
Maximum size does not agree with minimum distance! Mother may be incorrect, assuming min distance.
Maximum size does not agree with minimum distance! Mother may be incorrect, assuming min distance.
Maximum size does not agree with minimum distance! Mother may be incorrect, assuming min distance.
Maximum size does not agree with minimum distance! Mother may be incorrect, assuming min distance.
Maximum size does not agree with minimum distance! Mother may be incorrect, assuming min distance.
Maximum size does not agree with minimum distance! Mother may be incorrect, assuming min distance.
Maximum size does not agree with minimum distance! Mother may be incorrect, assuming min distance.
Maximum size does not agree with minimum distance! Mother may be incorrect, assuming min distance.
Maximum size does not agree with minimum distance! Mother may be incorrect, assuming min distance.
Maximum size does not agree with minimum distance! Mother may be incorrect, assuming min distance.
Maximum size does not agree with minimum distance! Mother may be incorrect, assuming min distance.
Maximum size does not agree with minimum distance! Mother may be incorrect, assuming min distance.
Maximum size does not agree with minimum distance! Mother may be incorrect, assuming min distance.
Maximum size does not agree with minimum distance! Mother may be incorrect, assuming min distance.
eliminating all but mother cell...
mothers produced.
creating SegmentObject...
